<?xml version="1.0" encoding="UTF-8"?>
<!-- Generated by org.testng.reporters.JUnitReportReporter -->
<testsuite hostname="LAPTOP-BIM2FR3V" failures="0" tests="1" name="testScenarios.DynamicData" time="4.242" errors="0" timestamp="2024-04-24T22:14:11 IST" skipped="0">
  <testcase classname="testScenarios.DynamicData" name="verifyCal" time="4.242"/>
  <system-out/>
</testsuite> <!-- testScenarios.DynamicData -->
