<?xml version="1.0" encoding="UTF-8"?>
<!-- Generated by org.testng.reporters.JUnitReportReporter -->
<testsuite hostname="LAPTOP-BIM2FR3V" failures="0" tests="1" name="testScenarios.MouseHover" time="3.882" errors="0" timestamp="2024-05-06T22:34:05 IST" skipped="0">
  <testcase classname="testScenarios.MouseHover" name="dragAnddrop" time="3.882"/>
</testsuite> <!-- testScenarios.MouseHover -->
